<?xml version="1.0" encoding="UTF-8"?>
<!-- Generated by org.testng.reporters.JUnitXMLReporter -->
<testsuite hostname="DESKTOP-AMM7699" ignored="3" name="Quick Trainer Smoke" tests="10" failures="0" timestamp="18 May 2018 17:20:15 GMT" time="9.642" errors="0">
  <testcase name="forgotPassword" time="1.098" classname="loginTestNG.LoginTests"/>
  <testcase name="loginTrainer" time="1.407" classname="loginTestNG.LoginTests"/>
  <testcase name="openBatchesTrainer" time="3.667" classname="loginTestNG.LoginTests"/>
  <testcase name="openCurricula" time="0.463" classname="loginTestNG.LoginTests"/>
  <testcase name="openLocations" time="0.658" classname="loginTestNG.LoginTests"/>
  <testcase name="openOverview" time="0.471" classname="loginTestNG.LoginTests"/>
  <testcase name="openProfile" time="0.456" classname="loginTestNG.LoginTests"/>
  <testcase name="openSettings" time="0.446" classname="loginTestNG.LoginTests"/>
  <testcase name="openTrainers" time="0.458" classname="loginTestNG.LoginTests"/>
  <testcase name="logOut" time="0.487" classname="loginTestNG.LoginTests"/>
  <testcase name="loginVP" time="0.0" classname="loginTestNG.LoginTests">
    <ignored/>
  </testcase> <!-- loginVP -->
  <testcase name="openReports" time="0.0" classname="loginTestNG.LoginTests">
    <ignored/>
  </testcase> <!-- openReports -->
  <testcase name="openBatchesVP" time="0.0" classname="loginTestNG.LoginTests">
    <ignored/>
  </testcase> <!-- openBatchesVP -->
</testsuite> <!-- Quick Trainer Smoke -->
