<?xml version="1.0" encoding="UTF-8"?>
<!-- Generated by org.testng.reporters.JUnitXMLReporter -->
<testsuite hostname="DESKTOP-AMM7699" ignored="5" name="Quick VP Smoke" tests="8" failures="0" timestamp="18 May 2018 17:20:23 GMT" time="7.682" errors="0">
  <testcase name="loginVP" time="1.56" classname="loginTestNG.LoginTests"/>
  <testcase name="openBatchesVP" time="1.382" classname="loginTestNG.LoginTests"/>
  <testcase name="openCurricula" time="2.157" classname="loginTestNG.LoginTests"/>
  <testcase name="openLocations" time="0.664" classname="loginTestNG.LoginTests"/>
  <testcase name="openOverview" time="0.472" classname="loginTestNG.LoginTests"/>
  <testcase name="openSettings" time="0.443" classname="loginTestNG.LoginTests"/>
  <testcase name="openTrainers" time="0.449" classname="loginTestNG.LoginTests"/>
  <testcase name="logOut" time="0.538" classname="loginTestNG.LoginTests"/>
  <testcase name="forgotPassword" time="0.0" classname="loginTestNG.LoginTests">
    <ignored/>
  </testcase> <!-- forgotPassword -->
  <testcase name="openBatchesTrainer" time="0.0" classname="loginTestNG.LoginTests">
    <ignored/>
  </testcase> <!-- openBatchesTrainer -->
  <testcase name="openReports" time="0.0" classname="loginTestNG.LoginTests">
    <ignored/>
  </testcase> <!-- openReports -->
  <testcase name="loginTrainer" time="0.0" classname="loginTestNG.LoginTests">
    <ignored/>
  </testcase> <!-- loginTrainer -->
  <testcase name="openProfile" time="0.0" classname="loginTestNG.LoginTests">
    <ignored/>
  </testcase> <!-- openProfile -->
</testsuite> <!-- Quick VP Smoke -->
