<?xml version="1.0" encoding="UTF-8"?>
<!-- Generated by org.testng.reporters.JUnitXMLReporter -->
<testsuite hostname="Jamess-MacBook-Pro-2.local" ignored="5" name="Default test" tests="1" failures="1" timestamp="17 May 2018 18:38:31 GMT" time="18.745" errors="0">
  <testcase name="testDefaultBatchLocation" time="11.578" classname="settingsTab.TestSettings">
    <failure type="org.openqa.selenium.TimeoutException" message="Expected condition failed: waiting for visibility of all elements located by By.tagName: md-option (tried for 10 second(s) with 200 milliseconds interval)
Build info: version: &amp;apos;3.12.0&amp;apos;, revision: &amp;apos;7c6e0b3&amp;apos;, time: &amp;apos;2018-05-08T14:04:26.12Z&amp;apos;
System info: host: &amp;apos;Jamess-MacBook-Pro-2.local&amp;apos;, ip: &amp;apos;fe80:0:0:0:1059:8178:1507:2b19%en0&amp;apos;, os.name: &amp;apos;Mac OS X&amp;apos;, os.arch: &amp;apos;x86_64&amp;apos;, os.version: &amp;apos;10.13.4&amp;apos;, java.version: &amp;apos;1.8.0_162&amp;apos;
Driver info: org.openqa.selenium.chrome.ChromeDriver
Capabilities {acceptInsecureCerts: false, acceptSslCerts: false, applicationCacheEnabled: false, browserConnectionEnabled: false, browserName: chrome, chrome: {chromedriverVersion: 2.38.552518 (183d19265345f5..., userDataDir: /Users/jtaylor/Library/Appl...}, cssSelectorsEnabled: true, databaseEnabled: false, handlesAlerts: true, hasTouchScreen: false, javascriptEnabled: true, locationContextEnabled: true, mobileEmulationEnabled: false, nativeEvents: true, networkConnectionEnabled: false, pageLoadStrategy: normal, platform: MAC, platformName: MAC, rotatable: false, setWindowRect: true, takesHeapSnapshot: true, takesScreenshot: true, unexpectedAlertBehaviour: , unhandledPromptBehavior: , version: 66.0.3359.181, webStorageEnabled: true}
Session ID: dd383c87bc4b95f443e8ca641327f664">
      <![CDATA[org.openqa.selenium.TimeoutException: Expected condition failed: waiting for visibility of all elements located by By.tagName: md-option (tried for 10 second(s) with 200 milliseconds interval)
Build info: version: '3.12.0', revision: '7c6e0b3', time: '2018-05-08T14:04:26.12Z'
System info: host: 'Jamess-MacBook-Pro-2.local', ip: 'fe80:0:0:0:1059:8178:1507:2b19%en0', os.name: 'Mac OS X', os.arch: 'x86_64', os.version: '10.13.4', java.version: '1.8.0_162'
Driver info: org.openqa.selenium.chrome.ChromeDriver
Capabilities {acceptInsecureCerts: false, acceptSslCerts: false, applicationCacheEnabled: false, browserConnectionEnabled: false, browserName: chrome, chrome: {chromedriverVersion: 2.38.552518 (183d19265345f5..., userDataDir: /Users/jtaylor/Library/Appl...}, cssSelectorsEnabled: true, databaseEnabled: false, handlesAlerts: true, hasTouchScreen: false, javascriptEnabled: true, locationContextEnabled: true, mobileEmulationEnabled: false, nativeEvents: true, networkConnectionEnabled: false, pageLoadStrategy: normal, platform: MAC, platformName: MAC, rotatable: false, setWindowRect: true, takesHeapSnapshot: true, takesScreenshot: true, unexpectedAlertBehaviour: , unhandledPromptBehavior: , version: 66.0.3359.181, webStorageEnabled: true}
Session ID: dd383c87bc4b95f443e8ca641327f664
at org.openqa.selenium.support.ui.WebDriverWait.timeoutException(WebDriverWait.java:81)
at org.openqa.selenium.support.ui.FluentWait.until(FluentWait.java:271)
at settingsTab.TestSettings.testDefaultBatchLocation(TestSettings.java:101)
at sun.reflect.NativeMethodAccessorImpl.invoke0(Native Method)
at sun.reflect.NativeMethodAccessorImpl.invoke(NativeMethodAccessorImpl.java:62)
at sun.reflect.DelegatingMethodAccessorImpl.invoke(DelegatingMethodAccessorImpl.java:43)
at java.lang.reflect.Method.invoke(Method.java:498)
at org.testng.internal.MethodInvocationHelper.invokeMethod(MethodInvocationHelper.java:124)
at org.testng.internal.Invoker.invokeMethod(Invoker.java:583)
at org.testng.internal.Invoker.invokeTestMethod(Invoker.java:719)
at org.testng.internal.Invoker.invokeTestMethods(Invoker.java:989)
at org.testng.internal.TestMethodWorker.invokeTestMethods(TestMethodWorker.java:125)
at org.testng.internal.TestMethodWorker.run(TestMethodWorker.java:109)
at org.testng.TestRunner.privateRun(TestRunner.java:648)
at org.testng.TestRunner.run(TestRunner.java:505)
at org.testng.SuiteRunner.runTest(SuiteRunner.java:455)
at org.testng.SuiteRunner.runSequentially(SuiteRunner.java:450)
at org.testng.SuiteRunner.privateRun(SuiteRunner.java:415)
at org.testng.SuiteRunner.run(SuiteRunner.java:364)
at org.testng.SuiteRunnerWorker.runSuite(SuiteRunnerWorker.java:52)
at org.testng.SuiteRunnerWorker.run(SuiteRunnerWorker.java:84)
at org.testng.TestNG.runSuitesSequentially(TestNG.java:1208)
at org.testng.TestNG.runSuitesLocally(TestNG.java:1137)
at org.testng.TestNG.runSuites(TestNG.java:1049)
at org.testng.TestNG.run(TestNG.java:1017)
at org.testng.remote.AbstractRemoteTestNG.run(AbstractRemoteTestNG.java:114)
at org.testng.remote.RemoteTestNG.initAndRun(RemoteTestNG.java:251)
at org.testng.remote.RemoteTestNG.main(RemoteTestNG.java:77)
]]>
    </failure>
  </testcase> <!-- testDefaultBatchLocation -->
  <testcase name="testTimelineTrainersPerPage" time="0.0" classname="settingsTab.TestSettings">
    <ignored/>
  </testcase> <!-- testTimelineTrainersPerPage -->
  <testcase name="testDefaultBatchLength" time="0.0" classname="settingsTab.TestSettings">
    <ignored/>
  </testcase> <!-- testDefaultBatchLength -->
  <testcase name="testClearButton" time="0.0" classname="settingsTab.TestSettings">
    <ignored/>
  </testcase> <!-- testClearButton -->
  <testcase name="testSubmitButton" time="0.0" classname="settingsTab.TestSettings">
    <ignored/>
  </testcase> <!-- testSubmitButton -->
  <testcase name="testSettingsTab" time="0.0" classname="settingsTab.TestSettings">
    <ignored/>
  </testcase> <!-- testSettingsTab -->
</testsuite> <!-- Default test -->
