<?xml version="1.0" encoding="UTF-8"?>
<testng-results skipped="0" failed="2" ignored="0" total="7" passed="5">
  <reporter-output>
  </reporter-output>
  <suite name="Suite" duration-ms="10650" started-at="2018-05-16T17:11:01Z" finished-at="2018-05-16T17:11:12Z">
    <groups>
      <group name="location">
        <method signature="LocationTestSuite.invalidLocationTest()[pri:2, instance:LocationTests.LocationTestSuite@239963d8]" name="invalidLocationTest" class="LocationTests.LocationTestSuite"/>
        <method signature="LocationTestSuite.reusedNameTest()[pri:2, instance:LocationTests.LocationTestSuite@239963d8]" name="reusedNameTest" class="LocationTests.LocationTestSuite"/>
        <method signature="LocationTestSuite.validLocationTest()[pri:2, instance:LocationTests.LocationTestSuite@239963d8]" name="validLocationTest" class="LocationTests.LocationTestSuite"/>
      </group> <!-- location -->
      <group name="building">
        <method signature="LocationTestSuite.invalidBuildingTest()[pri:4, instance:LocationTests.LocationTestSuite@239963d8]" name="invalidBuildingTest" class="LocationTests.LocationTestSuite"/>
        <method signature="LocationTestSuite.reusedBuildingTest()[pri:5, instance:LocationTests.LocationTestSuite@239963d8]" name="reusedBuildingTest" class="LocationTests.LocationTestSuite"/>
        <method signature="LocationTestSuite.validBuildingTest()[pri:3, instance:LocationTests.LocationTestSuite@239963d8]" name="validBuildingTest" class="LocationTests.LocationTestSuite"/>
      </group> <!-- building -->
    </groups>
    <test name="Test" duration-ms="10650" started-at="2018-05-16T17:11:01Z" finished-at="2018-05-16T17:11:12Z">
      <class name="LocationTests.LocationTestSuite">
        <test-method status="PASS" signature="setup()[pri:0, instance:LocationTests.LocationTestSuite@239963d8]" name="setup" is-config="true" duration-ms="4724" started-at="2018-05-16T17:10:56Z" finished-at="2018-05-16T17:11:01Z">
          <reporter-output>
          </reporter-output>
        </test-method> <!-- setup -->
        <test-method status="PASS" signature="navigationTest()[pri:1, instance:LocationTests.LocationTestSuite@239963d8]" name="navigationTest" duration-ms="3350" started-at="2018-05-16T17:11:01Z" finished-at="2018-05-16T17:11:04Z">
          <reporter-output>
          </reporter-output>
        </test-method> <!-- navigationTest -->
        <test-method status="PASS" signature="invalidLocationTest()[pri:2, instance:LocationTests.LocationTestSuite@239963d8]" name="invalidLocationTest" duration-ms="1219" started-at="2018-05-16T17:11:04Z" finished-at="2018-05-16T17:11:06Z">
          <reporter-output>
          </reporter-output>
        </test-method> <!-- invalidLocationTest -->
        <test-method status="FAIL" signature="reusedNameTest()[pri:2, instance:LocationTests.LocationTestSuite@239963d8]" name="reusedNameTest" duration-ms="282" started-at="2018-05-16T17:11:06Z" finished-at="2018-05-16T17:11:06Z">
          <exception class="org.openqa.selenium.WebDriverException">
            <message>
              <![CDATA[unknown error: Element <button class="md-icon-button md-button md-ink-ripple" type="button" ng-transclude="" id="locAdd" ng-click="lCtrl.addLocation()" ng-show="isManager" aria-label="Add location" aria-hidden="false">...</button> is not clickable at point (787, 199). Other element would receive the click: <div class="md-dialog-container ng-scope" tabindex="-1" style="top: 0px; height: 670px;">...</div>
  (Session info: chrome=66.0.3359.181)
  (Driver info: chromedriver=2.38.552522 (437e6fbedfa8762dec75e2c5b3ddb86763dc9dcb),platform=Windows NT 10.0.17134 x86_64) (WARNING: The server did not provide any stacktrace information)
Command duration or timeout: 0 milliseconds
Build info: version: '3.12.0', revision: '7c6e0b3', time: '2018-05-08T14:04:26.12Z'
System info: host: 'DESKTOP-HDQ72GM', ip: '192.168.142.1', os.name: 'Windows 10', os.arch: 'amd64', os.version: '10.0', java.version: '1.8.0_162'
Driver info: org.openqa.selenium.chrome.ChromeDriver
Capabilities {acceptInsecureCerts: false, acceptSslCerts: false, applicationCacheEnabled: false, browserConnectionEnabled: false, browserName: chrome, chrome: {chromedriverVersion: 2.38.552522 (437e6fbedfa876..., userDataDir: C:\Users\pinky\AppData\Loca...}, cssSelectorsEnabled: true, databaseEnabled: false, handlesAlerts: true, hasTouchScreen: false, javascriptEnabled: true, locationContextEnabled: true, mobileEmulationEnabled: false, nativeEvents: true, networkConnectionEnabled: false, pageLoadStrategy: normal, platform: XP, platformName: XP, rotatable: false, setWindowRect: true, takesHeapSnapshot: true, takesScreenshot: true, unexpectedAlertBehaviour: , unhandledPromptBehavior: , version: 66.0.3359.181, webStorageEnabled: true}
Session ID: c248f9c6f5988c740cd14ec1fda6dcea]]>
            </message>
            <full-stacktrace>
              <![CDATA[org.openqa.selenium.WebDriverException: unknown error: Element <button class="md-icon-button md-button md-ink-ripple" type="button" ng-transclude="" id="locAdd" ng-click="lCtrl.addLocation()" ng-show="isManager" aria-label="Add location" aria-hidden="false">...</button> is not clickable at point (787, 199). Other element would receive the click: <div class="md-dialog-container ng-scope" tabindex="-1" style="top: 0px; height: 670px;">...</div>
  (Session info: chrome=66.0.3359.181)
  (Driver info: chromedriver=2.38.552522 (437e6fbedfa8762dec75e2c5b3ddb86763dc9dcb),platform=Windows NT 10.0.17134 x86_64) (WARNING: The server did not provide any stacktrace information)
Command duration or timeout: 0 milliseconds
Build info: version: '3.12.0', revision: '7c6e0b3', time: '2018-05-08T14:04:26.12Z'
System info: host: 'DESKTOP-HDQ72GM', ip: '192.168.142.1', os.name: 'Windows 10', os.arch: 'amd64', os.version: '10.0', java.version: '1.8.0_162'
Driver info: org.openqa.selenium.chrome.ChromeDriver
Capabilities {acceptInsecureCerts: false, acceptSslCerts: false, applicationCacheEnabled: false, browserConnectionEnabled: false, browserName: chrome, chrome: {chromedriverVersion: 2.38.552522 (437e6fbedfa876..., userDataDir: C:\Users\pinky\AppData\Loca...}, cssSelectorsEnabled: true, databaseEnabled: false, handlesAlerts: true, hasTouchScreen: false, javascriptEnabled: true, locationContextEnabled: true, mobileEmulationEnabled: false, nativeEvents: true, networkConnectionEnabled: false, pageLoadStrategy: normal, platform: XP, platformName: XP, rotatable: false, setWindowRect: true, takesHeapSnapshot: true, takesScreenshot: true, unexpectedAlertBehaviour: , unhandledPromptBehavior: , version: 66.0.3359.181, webStorageEnabled: true}
Session ID: c248f9c6f5988c740cd14ec1fda6dcea
at sun.reflect.NativeConstructorAccessorImpl.newInstance0(Native Method)
at sun.reflect.NativeConstructorAccessorImpl.newInstance(NativeConstructorAccessorImpl.java:62)
at sun.reflect.DelegatingConstructorAccessorImpl.newInstance(DelegatingConstructorAccessorImpl.java:45)
at java.lang.reflect.Constructor.newInstance(Constructor.java:423)
at org.openqa.selenium.remote.ErrorHandler.createThrowable(ErrorHandler.java:214)
at org.openqa.selenium.remote.ErrorHandler.throwIfResponseFailed(ErrorHandler.java:166)
at org.openqa.selenium.remote.http.JsonHttpResponseCodec.reconstructValue(JsonHttpResponseCodec.java:40)
at org.openqa.selenium.remote.http.AbstractHttpResponseCodec.decode(AbstractHttpResponseCodec.java:80)
at org.openqa.selenium.remote.http.AbstractHttpResponseCodec.decode(AbstractHttpResponseCodec.java:44)
at org.openqa.selenium.remote.HttpCommandExecutor.execute(HttpCommandExecutor.java:158)
at org.openqa.selenium.remote.service.DriverCommandExecutor.execute(DriverCommandExecutor.java:83)
at org.openqa.selenium.remote.RemoteWebDriver.execute(RemoteWebDriver.java:543)
at org.openqa.selenium.remote.RemoteWebElement.execute(RemoteWebElement.java:276)
at org.openqa.selenium.remote.RemoteWebElement.click(RemoteWebElement.java:83)
at com.worldgate.locationMethods.AddLocationMethods.addPrevUsedName(AddLocationMethods.java:122)
at LocationTests.LocationTestSuite.reusedNameTest(LocationTestSuite.java:59)
at sun.reflect.NativeMethodAccessorImpl.invoke0(Native Method)
at sun.reflect.NativeMethodAccessorImpl.invoke(NativeMethodAccessorImpl.java:62)
at sun.reflect.DelegatingMethodAccessorImpl.invoke(DelegatingMethodAccessorImpl.java:43)
at java.lang.reflect.Method.invoke(Method.java:498)
at org.testng.internal.MethodInvocationHelper.invokeMethod(MethodInvocationHelper.java:124)
at org.testng.internal.Invoker.invokeMethod(Invoker.java:583)
at org.testng.internal.Invoker.invokeTestMethod(Invoker.java:719)
at org.testng.internal.Invoker.invokeTestMethods(Invoker.java:989)
at org.testng.internal.TestMethodWorker.invokeTestMethods(TestMethodWorker.java:125)
at org.testng.internal.TestMethodWorker.run(TestMethodWorker.java:109)
at org.testng.TestRunner.privateRun(TestRunner.java:648)
at org.testng.TestRunner.run(TestRunner.java:505)
at org.testng.SuiteRunner.runTest(SuiteRunner.java:455)
at org.testng.SuiteRunner.runSequentially(SuiteRunner.java:450)
at org.testng.SuiteRunner.privateRun(SuiteRunner.java:415)
at org.testng.SuiteRunner.run(SuiteRunner.java:364)
at org.testng.SuiteRunnerWorker.runSuite(SuiteRunnerWorker.java:52)
at org.testng.SuiteRunnerWorker.run(SuiteRunnerWorker.java:84)
at org.testng.TestNG.runSuitesSequentially(TestNG.java:1208)
at org.testng.TestNG.runSuitesLocally(TestNG.java:1137)
at org.testng.TestNG.runSuites(TestNG.java:1049)
at org.testng.TestNG.run(TestNG.java:1017)
at org.testng.remote.AbstractRemoteTestNG.run(AbstractRemoteTestNG.java:114)
at org.testng.remote.RemoteTestNG.initAndRun(RemoteTestNG.java:251)
at org.testng.remote.RemoteTestNG.main(RemoteTestNG.java:77)
]]>
            </full-stacktrace>
          </exception> <!-- org.openqa.selenium.WebDriverException -->
          <reporter-output>
          </reporter-output>
        </test-method> <!-- reusedNameTest -->
        <test-method status="PASS" signature="validLocationTest()[pri:2, instance:LocationTests.LocationTestSuite@239963d8]" name="validLocationTest" duration-ms="2649" started-at="2018-05-16T17:11:06Z" finished-at="2018-05-16T17:11:09Z">
          <reporter-output>
          </reporter-output>
        </test-method> <!-- validLocationTest -->
        <test-method status="PASS" signature="validBuildingTest()[pri:3, instance:LocationTests.LocationTestSuite@239963d8]" name="validBuildingTest" duration-ms="2084" started-at="2018-05-16T17:11:09Z" finished-at="2018-05-16T17:11:11Z">
          <reporter-output>
          </reporter-output>
        </test-method> <!-- validBuildingTest -->
        <test-method status="PASS" signature="invalidBuildingTest()[pri:4, instance:LocationTests.LocationTestSuite@239963d8]" name="invalidBuildingTest" duration-ms="686" started-at="2018-05-16T17:11:11Z" finished-at="2018-05-16T17:11:11Z">
          <reporter-output>
          </reporter-output>
        </test-method> <!-- invalidBuildingTest -->
        <test-method status="FAIL" signature="reusedBuildingTest()[pri:5, instance:LocationTests.LocationTestSuite@239963d8]" name="reusedBuildingTest" duration-ms="342" started-at="2018-05-16T17:11:11Z" finished-at="2018-05-16T17:11:12Z">
          <exception class="org.openqa.selenium.WebDriverException">
            <message>
              <![CDATA[unknown error: Element <button class="md-icon-button md-button md-ink-ripple" type="button" ng-transclude="" id="bldgAdd" ng-click="lCtrl.addBuilding()" ng-show="isManager" aria-label="Add building to selected" aria-hidden="false">...</button> is not clickable at point (833, 100). Other element would receive the click: <md-backdrop class="md-dialog-backdrop md-opaque ng-scope ng-animate ng-leave ng-leave-active" style="height: 768px; position: fixed;" aria-hidden="false" data-ng-animate="2"></md-backdrop>
  (Session info: chrome=66.0.3359.181)
  (Driver info: chromedriver=2.38.552522 (437e6fbedfa8762dec75e2c5b3ddb86763dc9dcb),platform=Windows NT 10.0.17134 x86_64) (WARNING: The server did not provide any stacktrace information)
Command duration or timeout: 0 milliseconds
Build info: version: '3.12.0', revision: '7c6e0b3', time: '2018-05-08T14:04:26.12Z'
System info: host: 'DESKTOP-HDQ72GM', ip: '192.168.142.1', os.name: 'Windows 10', os.arch: 'amd64', os.version: '10.0', java.version: '1.8.0_162'
Driver info: org.openqa.selenium.chrome.ChromeDriver
Capabilities {acceptInsecureCerts: false, acceptSslCerts: false, applicationCacheEnabled: false, browserConnectionEnabled: false, browserName: chrome, chrome: {chromedriverVersion: 2.38.552522 (437e6fbedfa876..., userDataDir: C:\Users\pinky\AppData\Loca...}, cssSelectorsEnabled: true, databaseEnabled: false, handlesAlerts: true, hasTouchScreen: false, javascriptEnabled: true, locationContextEnabled: true, mobileEmulationEnabled: false, nativeEvents: true, networkConnectionEnabled: false, pageLoadStrategy: normal, platform: XP, platformName: XP, rotatable: false, setWindowRect: true, takesHeapSnapshot: true, takesScreenshot: true, unexpectedAlertBehaviour: , unhandledPromptBehavior: , version: 66.0.3359.181, webStorageEnabled: true}
Session ID: c248f9c6f5988c740cd14ec1fda6dcea]]>
            </message>
            <full-stacktrace>
              <![CDATA[org.openqa.selenium.WebDriverException: unknown error: Element <button class="md-icon-button md-button md-ink-ripple" type="button" ng-transclude="" id="bldgAdd" ng-click="lCtrl.addBuilding()" ng-show="isManager" aria-label="Add building to selected" aria-hidden="false">...</button> is not clickable at point (833, 100). Other element would receive the click: <md-backdrop class="md-dialog-backdrop md-opaque ng-scope ng-animate ng-leave ng-leave-active" style="height: 768px; position: fixed;" aria-hidden="false" data-ng-animate="2"></md-backdrop>
  (Session info: chrome=66.0.3359.181)
  (Driver info: chromedriver=2.38.552522 (437e6fbedfa8762dec75e2c5b3ddb86763dc9dcb),platform=Windows NT 10.0.17134 x86_64) (WARNING: The server did not provide any stacktrace information)
Command duration or timeout: 0 milliseconds
Build info: version: '3.12.0', revision: '7c6e0b3', time: '2018-05-08T14:04:26.12Z'
System info: host: 'DESKTOP-HDQ72GM', ip: '192.168.142.1', os.name: 'Windows 10', os.arch: 'amd64', os.version: '10.0', java.version: '1.8.0_162'
Driver info: org.openqa.selenium.chrome.ChromeDriver
Capabilities {acceptInsecureCerts: false, acceptSslCerts: false, applicationCacheEnabled: false, browserConnectionEnabled: false, browserName: chrome, chrome: {chromedriverVersion: 2.38.552522 (437e6fbedfa876..., userDataDir: C:\Users\pinky\AppData\Loca...}, cssSelectorsEnabled: true, databaseEnabled: false, handlesAlerts: true, hasTouchScreen: false, javascriptEnabled: true, locationContextEnabled: true, mobileEmulationEnabled: false, nativeEvents: true, networkConnectionEnabled: false, pageLoadStrategy: normal, platform: XP, platformName: XP, rotatable: false, setWindowRect: true, takesHeapSnapshot: true, takesScreenshot: true, unexpectedAlertBehaviour: , unhandledPromptBehavior: , version: 66.0.3359.181, webStorageEnabled: true}
Session ID: c248f9c6f5988c740cd14ec1fda6dcea
at sun.reflect.NativeConstructorAccessorImpl.newInstance0(Native Method)
at sun.reflect.NativeConstructorAccessorImpl.newInstance(NativeConstructorAccessorImpl.java:62)
at sun.reflect.DelegatingConstructorAccessorImpl.newInstance(DelegatingConstructorAccessorImpl.java:45)
at java.lang.reflect.Constructor.newInstance(Constructor.java:423)
at org.openqa.selenium.remote.ErrorHandler.createThrowable(ErrorHandler.java:214)
at org.openqa.selenium.remote.ErrorHandler.throwIfResponseFailed(ErrorHandler.java:166)
at org.openqa.selenium.remote.http.JsonHttpResponseCodec.reconstructValue(JsonHttpResponseCodec.java:40)
at org.openqa.selenium.remote.http.AbstractHttpResponseCodec.decode(AbstractHttpResponseCodec.java:80)
at org.openqa.selenium.remote.http.AbstractHttpResponseCodec.decode(AbstractHttpResponseCodec.java:44)
at org.openqa.selenium.remote.HttpCommandExecutor.execute(HttpCommandExecutor.java:158)
at org.openqa.selenium.remote.service.DriverCommandExecutor.execute(DriverCommandExecutor.java:83)
at org.openqa.selenium.remote.RemoteWebDriver.execute(RemoteWebDriver.java:543)
at org.openqa.selenium.remote.RemoteWebElement.execute(RemoteWebElement.java:276)
at org.openqa.selenium.remote.RemoteWebElement.click(RemoteWebElement.java:83)
at com.worldgate.buildingMethods.AddBuildingMethods.readdBuilding(AddBuildingMethods.java:101)
at LocationTests.LocationTestSuite.reusedBuildingTest(LocationTestSuite.java:74)
at sun.reflect.NativeMethodAccessorImpl.invoke0(Native Method)
at sun.reflect.NativeMethodAccessorImpl.invoke(NativeMethodAccessorImpl.java:62)
at sun.reflect.DelegatingMethodAccessorImpl.invoke(DelegatingMethodAccessorImpl.java:43)
at java.lang.reflect.Method.invoke(Method.java:498)
at org.testng.internal.MethodInvocationHelper.invokeMethod(MethodInvocationHelper.java:124)
at org.testng.internal.Invoker.invokeMethod(Invoker.java:583)
at org.testng.internal.Invoker.invokeTestMethod(Invoker.java:719)
at org.testng.internal.Invoker.invokeTestMethods(Invoker.java:989)
at org.testng.internal.TestMethodWorker.invokeTestMethods(TestMethodWorker.java:125)
at org.testng.internal.TestMethodWorker.run(TestMethodWorker.java:109)
at org.testng.TestRunner.privateRun(TestRunner.java:648)
at org.testng.TestRunner.run(TestRunner.java:505)
at org.testng.SuiteRunner.runTest(SuiteRunner.java:455)
at org.testng.SuiteRunner.runSequentially(SuiteRunner.java:450)
at org.testng.SuiteRunner.privateRun(SuiteRunner.java:415)
at org.testng.SuiteRunner.run(SuiteRunner.java:364)
at org.testng.SuiteRunnerWorker.runSuite(SuiteRunnerWorker.java:52)
at org.testng.SuiteRunnerWorker.run(SuiteRunnerWorker.java:84)
at org.testng.TestNG.runSuitesSequentially(TestNG.java:1208)
at org.testng.TestNG.runSuitesLocally(TestNG.java:1137)
at org.testng.TestNG.runSuites(TestNG.java:1049)
at org.testng.TestNG.run(TestNG.java:1017)
at org.testng.remote.AbstractRemoteTestNG.run(AbstractRemoteTestNG.java:114)
at org.testng.remote.RemoteTestNG.initAndRun(RemoteTestNG.java:251)
at org.testng.remote.RemoteTestNG.main(RemoteTestNG.java:77)
]]>
            </full-stacktrace>
          </exception> <!-- org.openqa.selenium.WebDriverException -->
          <reporter-output>
          </reporter-output>
        </test-method> <!-- reusedBuildingTest -->
        <test-method status="PASS" signature="tearDown()[pri:0, instance:LocationTests.LocationTestSuite@239963d8]" name="tearDown" is-config="true" duration-ms="0" started-at="2018-05-16T17:11:12Z" finished-at="2018-05-16T17:11:12Z">
          <reporter-output>
          </reporter-output>
        </test-method> <!-- tearDown -->
      </class> <!-- LocationTests.LocationTestSuite -->
    </test> <!-- Test -->
  </suite> <!-- Suite -->
</testng-results>
